# JRE version: Java(TM) SE Runtime Environment (17.0.9+11) (build 17.0.9+11-LTS-201)
# Java VM: Java HotSpot(TM) 64-Bit Server VM (17.0.9+11-LTS-201, mixed mode, sharing, tiered, compressed oops, compressed class ptrs, g1 gc, windows-amd64)
GC Precious Log:
 CPUs: 16 total, 16 available
 Memory: 16167M
 Large Page Support: Disabled
 NUMA Support: Disabled
 Compressed Oops: Enabled (32-bit)
 Heap Region Size: 1M
 Heap Min Capacity: 8M
 Heap Initial Capacity: 254M
 Heap Max Capacity: 2G
 Pre-touch: Disabled
 Parallel Workers: 13
 Concurrent Workers: 3
 Concurrent Refinement Workers: 13
 Periodic GC: Disabled
Heap:
 garbage-first heap   total 222208K, used 123835K [0x0000000080000000, 0x0000000100000000)
  region size 1024K, 60 young (61440K), 1 survivors (1024K)
 Metaspace       used 64810K, committed 65408K, reserved 1114112K
  class space    used 8745K, committed 9024K, reserved 1048576K
GC Heap History (20 events):
Event: 6.057 GC heap before
{Heap before GC invocations=14 (full 0):
 garbage-first heap   total 86016K, used 68176K [0x0000000080000000, 0x0000000100000000)
  region size 1024K, 31 young (31744K), 5 survivors (5120K)
 Metaspace       used 54645K, committed 55168K, reserved 1114112K
  class space    used 7582K, committed 7808K, reserved 1048576K
}
Event: 6.063 GC heap after
{Heap after GC invocations=15 (full 0):
 garbage-first heap   total 86016K, used 46905K [0x0000000080000000, 0x0000000100000000)
  region size 1024K, 4 young (4096K), 4 survivors (4096K)
 Metaspace       used 54645K, committed 55168K, reserved 1114112K
  class space    used 7582K, committed 7808K, reserved 1048576K
}
Event: 6.176 GC heap before
{Heap before GC invocations=15 (full 0):
 garbage-first heap   total 86016K, used 68409K [0x0000000080000000, 0x0000000100000000)
  region size 1024K, 26 young (26624K), 4 survivors (4096K)
 Metaspace       used 55011K, committed 55552K, reserved 1114112K
  class space    used 7608K, committed 7808K, reserved 1048576K
}
Event: 6.179 GC heap after
{Heap after GC invocations=16 (full 0):
 garbage-first heap   total 86016K, used 48931K [0x0000000080000000, 0x0000000100000000)
  region size 1024K, 3 young (3072K), 3 survivors (3072K)
 Metaspace       used 55011K, committed 55552K, reserved 1114112K
  class space    used 7608K, committed 7808K, reserved 1048576K
}
Event: 6.238 GC heap before
{Heap before GC invocations=17 (full 0):
 garbage-first heap   total 97280K, used 67363K [0x0000000080000000, 0x0000000100000000)
  region size 1024K, 22 young (22528K), 3 survivors (3072K)
 Metaspace       used 55093K, committed 55552K, reserved 1114112K
  class space    used 7608K, committed 7808K, reserved 1048576K
}
Event: 6.241 GC heap after
{Heap after GC invocations=18 (full 0):
 garbage-first heap   total 97280K, used 49903K [0x0000000080000000, 0x0000000100000000)
  region size 1024K, 3 young (3072K), 3 survivors (3072K)
 Metaspace       used 55093K, committed 55552K, reserved 1114112K
  class space    used 7608K, committed 7808K, reserved 1048576K
}
Event: 6.294 GC heap before
{Heap before GC invocations=18 (full 0):
 garbage-first heap   total 97280K, used 75503K [0x0000000080000000, 0x0000000100000000)
  region size 1024K, 29 young (29696K), 3 survivors (3072K)
 Metaspace       used 55244K, committed 55744K, reserved 1114112K
  class space    used 7608K, committed 7808K, reserved 1048576K
}
Event: 6.296 GC heap after
{Heap after GC invocations=19 (full 0):
 garbage-first heap   total 116736K, used 50934K [0x0000000080000000, 0x0000000100000000)
  region size 1024K, 4 young (4096K), 4 survivors (4096K)
 Metaspace       used 55244K, committed 55744K, reserved 1114112K
  class space    used 7608K, committed 7808K, reserved 1048576K
}
Event: 6.596 GC heap before
{Heap before GC invocations=20 (full 0):
 garbage-first heap   total 116736K, used 92918K [0x0000000080000000, 0x0000000100000000)
  region size 1024K, 43 young (44032K), 4 survivors (4096K)
 Metaspace       used 55574K, committed 56128K, reserved 1114112K
  class space    used 7639K, committed 7872K, reserved 1048576K
}
Event: 6.599 GC heap after
{Heap after GC invocations=21 (full 0):
 garbage-first heap   total 116736K, used 57416K [0x0000000080000000, 0x0000000100000000)
  region size 1024K, 6 young (6144K), 6 survivors (6144K)
 Metaspace       used 55574K, committed 56128K, reserved 1114112K
  class space    used 7639K, committed 7872K, reserved 1048576K
}
Event: 6.612 GC heap before
{Heap before GC invocations=21 (full 0):
 garbage-first heap   total 116736K, used 57416K [0x0000000080000000, 0x0000000100000000)
  region size 1024K, 7 young (7168K), 6 survivors (6144K)
 Metaspace       used 55574K, committed 56128K, reserved 1114112K
  class space    used 7639K, committed 7872K, reserved 1048576K
}
Event: 6.616 GC heap after
{Heap after GC invocations=22 (full 0):
 garbage-first heap   total 116736K, used 57432K [0x0000000080000000, 0x0000000100000000)
  region size 1024K, 1 young (1024K), 1 survivors (1024K)
 Metaspace       used 55574K, committed 56128K, reserved 1114112K
  class space    used 7639K, committed 7872K, reserved 1048576K
}
Event: 6.627 GC heap before
{Heap before GC invocations=22 (full 0):
 garbage-first heap   total 116736K, used 58456K [0x0000000080000000, 0x0000000100000000)
  region size 1024K, 3 young (3072K), 1 survivors (1024K)
 Metaspace       used 55574K, committed 56128K, reserved 1114112K
  class space    used 7639K, committed 7872K, reserved 1048576K
}
Event: 6.629 GC heap after
{Heap after GC invocations=23 (full 0):
 garbage-first heap   total 116736K, used 58501K [0x0000000080000000, 0x0000000100000000)
  region size 1024K, 2 young (2048K), 2 survivors (2048K)
 Metaspace       used 55574K, committed 56128K, reserved 1114112K
  class space    used 7639K, committed 7872K, reserved 1048576K
}
Event: 6.803 GC heap before
{Heap before GC invocations=24 (full 0):
 garbage-first heap   total 116736K, used 82053K [0x0000000080000000, 0x0000000100000000)
  region size 1024K, 22 young (22528K), 2 survivors (2048K)
 Metaspace       used 56721K, committed 57280K, reserved 1114112K
  class space    used 7768K, committed 8000K, reserved 1048576K
}
Event: 6.805 GC heap after
{Heap after GC invocations=25 (full 0):
 garbage-first heap   total 116736K, used 64385K [0x0000000080000000, 0x0000000100000000)
  region size 1024K, 3 young (3072K), 3 survivors (3072K)
 Metaspace       used 56721K, committed 57280K, reserved 1114112K
  class space    used 7768K, committed 8000K, reserved 1048576K
}
Event: 6.830 GC heap before
{Heap before GC invocations=25 (full 0):
 garbage-first heap   total 116736K, used 66433K [0x0000000080000000, 0x0000000100000000)
  region size 1024K, 5 young (5120K), 3 survivors (3072K)
 Metaspace       used 56853K, committed 57344K, reserved 1114112K
  class space    used 7784K, committed 8000K, reserved 1048576K
}
Event: 6.832 GC heap after
{Heap after GC invocations=26 (full 0):
 garbage-first heap   total 116736K, used 63630K [0x0000000080000000, 0x0000000100000000)
  region size 1024K, 1 young (1024K), 1 survivors (1024K)
 Metaspace       used 56853K, committed 57344K, reserved 1114112K
  class space    used 7784K, committed 8000K, reserved 1048576K
}
Event: 7.006 GC heap before
{Heap before GC invocations=26 (full 0):
 garbage-first heap   total 116736K, used 82062K [0x0000000080000000, 0x0000000100000000)
  region size 1024K, 20 young (20480K), 1 survivors (1024K)
 Metaspace       used 58718K, committed 59328K, reserved 1114112K
  class space    used 7999K, committed 8256K, reserved 1048576K
}
Event: 7.008 GC heap after
{Heap after GC invocations=27 (full 0):
 garbage-first heap   total 222208K, used 64443K [0x0000000080000000, 0x0000000100000000)
  region size 1024K, 1 young (1024K), 1 survivors (1024K)
 Metaspace       used 58718K, committed 59328K, reserved 1114112K
  class space    used 7999K, committed 8256K, reserved 1048576K
}

