# JRE version: Java(TM) SE Runtime Environment (17.0.9+11) (build 17.0.9+11-LTS-201)
# Java VM: Java HotSpot(TM) 64-Bit Server VM (17.0.9+11-LTS-201, mixed mode, sharing, tiered, compressed oops, compressed class ptrs, g1 gc, windows-amd64)
GC Precious Log:
 CPUs: 16 total, 16 available
 Memory: 16167M
 Large Page Support: Disabled
 NUMA Support: Disabled
 Compressed Oops: Enabled (32-bit)
 Heap Region Size: 1M
 Heap Min Capacity: 8M
 Heap Initial Capacity: 254M
 Heap Max Capacity: 2G
 Pre-touch: Disabled
 Parallel Workers: 13
 Concurrent Workers: 3
 Concurrent Refinement Workers: 13
 Periodic GC: Disabled
Heap:
 garbage-first heap   total 153600K, used 100103K [0x0000000080000000, 0x0000000100000000)
  region size 1024K, 28 young (28672K), 6 survivors (6144K)
 Metaspace       used 75080K, committed 75648K, reserved 1179648K
  class space    used 10060K, committed 10304K, reserved 1048576K
GC Heap History (20 events):
Event: 6.570 GC heap before
{Heap before GC invocations=17 (full 0):
 garbage-first heap   total 111616K, used 89419K [0x0000000080000000, 0x0000000100000000)
  region size 1024K, 44 young (45056K), 6 survivors (6144K)
 Metaspace       used 55633K, committed 56128K, reserved 1114112K
  class space    used 7632K, committed 7872K, reserved 1048576K
}
Event: 6.574 GC heap after
{Heap after GC invocations=18 (full 0):
 garbage-first heap   total 111616K, used 53234K [0x0000000080000000, 0x0000000100000000)
  region size 1024K, 6 young (6144K), 6 survivors (6144K)
 Metaspace       used 55633K, committed 56128K, reserved 1114112K
  class space    used 7632K, committed 7872K, reserved 1048576K
}
Event: 6.625 GC heap before
{Heap before GC invocations=18 (full 0):
 garbage-first heap   total 111616K, used 59378K [0x0000000080000000, 0x0000000100000000)
  region size 1024K, 12 young (12288K), 6 survivors (6144K)
 Metaspace       used 55719K, committed 56192K, reserved 1114112K
  class space    used 7639K, committed 7872K, reserved 1048576K
}
Event: 6.628 GC heap after
{Heap after GC invocations=19 (full 0):
 garbage-first heap   total 111616K, used 58978K [0x0000000080000000, 0x0000000100000000)
  region size 1024K, 5 young (5120K), 5 survivors (5120K)
 Metaspace       used 55719K, committed 56192K, reserved 1114112K
  class space    used 7639K, committed 7872K, reserved 1048576K
}
Event: 6.860 GC heap before
{Heap before GC invocations=20 (full 0):
 garbage-first heap   total 111616K, used 88674K [0x0000000080000000, 0x0000000100000000)
  region size 1024K, 31 young (31744K), 5 survivors (5120K)
 Metaspace       used 57337K, committed 57920K, reserved 1114112K
  class space    used 7830K, committed 8064K, reserved 1048576K
}
Event: 6.861 GC heap after
{Heap after GC invocations=21 (full 0):
 garbage-first heap   total 111616K, used 65133K [0x0000000080000000, 0x0000000100000000)
  region size 1024K, 4 young (4096K), 4 survivors (4096K)
 Metaspace       used 57337K, committed 57920K, reserved 1114112K
  class space    used 7830K, committed 8064K, reserved 1048576K
}
Event: 6.874 GC heap before
{Heap before GC invocations=21 (full 0):
 garbage-first heap   total 111616K, used 66157K [0x0000000080000000, 0x0000000100000000)
  region size 1024K, 5 young (5120K), 4 survivors (4096K)
 Metaspace       used 57439K, committed 57984K, reserved 1114112K
  class space    used 7845K, committed 8064K, reserved 1048576K
}
Event: 6.876 GC heap after
{Heap after GC invocations=22 (full 0):
 garbage-first heap   total 111616K, used 63994K [0x0000000080000000, 0x0000000100000000)
  region size 1024K, 1 young (1024K), 1 survivors (1024K)
 Metaspace       used 57439K, committed 57984K, reserved 1114112K
  class space    used 7845K, committed 8064K, reserved 1048576K
}
Event: 7.059 GC heap before
{Heap before GC invocations=22 (full 0):
 garbage-first heap   total 111616K, used 86522K [0x0000000080000000, 0x0000000100000000)
  region size 1024K, 24 young (24576K), 1 survivors (1024K)
 Metaspace       used 59771K, committed 60288K, reserved 1114112K
  class space    used 8089K, committed 8320K, reserved 1048576K
}
Event: 7.060 GC heap after
{Heap after GC invocations=23 (full 0):
 garbage-first heap   total 153600K, used 64716K [0x0000000080000000, 0x0000000100000000)
  region size 1024K, 1 young (1024K), 1 survivors (1024K)
 Metaspace       used 59771K, committed 60288K, reserved 1114112K
  class space    used 8089K, committed 8320K, reserved 1048576K
}
Event: 7.622 GC heap before
{Heap before GC invocations=24 (full 0):
 garbage-first heap   total 153600K, used 120012K [0x0000000080000000, 0x0000000100000000)
  region size 1024K, 55 young (56320K), 1 survivors (1024K)
 Metaspace       used 65151K, committed 65728K, reserved 1114112K
  class space    used 8772K, committed 9024K, reserved 1048576K
}
Event: 7.625 GC heap after
{Heap after GC invocations=25 (full 0):
 garbage-first heap   total 153600K, used 67694K [0x0000000080000000, 0x0000000100000000)
  region size 1024K, 4 young (4096K), 4 survivors (4096K)
 Metaspace       used 65151K, committed 65728K, reserved 1114112K
  class space    used 8772K, committed 9024K, reserved 1048576K
}
Event: 7.629 GC heap before
{Heap before GC invocations=25 (full 0):
 garbage-first heap   total 153600K, used 70766K [0x0000000080000000, 0x0000000100000000)
  region size 1024K, 7 young (7168K), 4 survivors (4096K)
 Metaspace       used 65151K, committed 65728K, reserved 1114112K
  class space    used 8772K, committed 9024K, reserved 1048576K
}
Event: 7.632 GC heap after
{Heap after GC invocations=26 (full 0):
 garbage-first heap   total 153600K, used 69141K [0x0000000080000000, 0x0000000100000000)
  region size 1024K, 1 young (1024K), 1 survivors (1024K)
 Metaspace       used 65151K, committed 65728K, reserved 1114112K
  class space    used 8772K, committed 9024K, reserved 1048576K
}
Event: 8.088 GC heap before
{Heap before GC invocations=26 (full 0):
 garbage-first heap   total 153600K, used 125461K [0x0000000080000000, 0x0000000100000000)
  region size 1024K, 52 young (53248K), 1 survivors (1024K)
 Metaspace       used 68246K, committed 68864K, reserved 1114112K
  class space    used 9182K, committed 9472K, reserved 1048576K
}
Event: 8.090 GC heap after
{Heap after GC invocations=27 (full 0):
 garbage-first heap   total 153600K, used 72550K [0x0000000080000000, 0x0000000100000000)
  region size 1024K, 5 young (5120K), 5 survivors (5120K)
 Metaspace       used 68246K, committed 68864K, reserved 1114112K
  class space    used 9182K, committed 9472K, reserved 1048576K
}
Event: 8.548 GC heap before
{Heap before GC invocations=27 (full 0):
 garbage-first heap   total 153600K, used 121702K [0x0000000080000000, 0x0000000100000000)
  region size 1024K, 54 young (55296K), 5 survivors (5120K)
 Metaspace       used 70819K, committed 71424K, reserved 1114112K
  class space    used 9494K, committed 9792K, reserved 1048576K
}
Event: 8.552 GC heap after
{Heap after GC invocations=28 (full 0):
 garbage-first heap   total 153600K, used 76056K [0x0000000080000000, 0x0000000100000000)
  region size 1024K, 7 young (7168K), 7 survivors (7168K)
 Metaspace       used 70819K, committed 71424K, reserved 1114112K
  class space    used 9494K, committed 9792K, reserved 1048576K
}
Event: 9.128 GC heap before
{Heap before GC invocations=28 (full 0):
 garbage-first heap   total 153600K, used 124184K [0x0000000080000000, 0x0000000100000000)
  region size 1024K, 54 young (55296K), 7 survivors (7168K)
 Metaspace       used 73556K, committed 74176K, reserved 1114112K
  class space    used 9858K, committed 10112K, reserved 1048576K
}
Event: 9.132 GC heap after
{Heap after GC invocations=29 (full 0):
 garbage-first heap   total 153600K, used 78599K [0x0000000080000000, 0x0000000100000000)
  region size 1024K, 6 young (6144K), 6 survivors (6144K)
 Metaspace       used 73556K, committed 74176K, reserved 1114112K
  class space    used 9858K, committed 10112K, reserved 1048576K
}

