# JRE version: Java(TM) SE Runtime Environment (17.0.9+11) (build 17.0.9+11-LTS-201)
# Java VM: Java HotSpot(TM) 64-Bit Server VM (17.0.9+11-LTS-201, mixed mode, sharing, tiered, compressed oops, compressed class ptrs, g1 gc, windows-amd64)
GC Precious Log:
 CPUs: 16 total, 16 available
 Memory: 16167M
 Large Page Support: Disabled
 NUMA Support: Disabled
 Compressed Oops: Enabled (32-bit)
 Heap Region Size: 1M
 Heap Min Capacity: 8M
 Heap Initial Capacity: 254M
 Heap Max Capacity: 2G
 Pre-touch: Disabled
 Parallel Workers: 13
 Concurrent Workers: 3
 Concurrent Refinement Workers: 13
 Periodic GC: Disabled
Heap:
 garbage-first heap   total 221184K, used 155590K [0x0000000080000000, 0x0000000100000000)
  region size 1024K, 84 young (86016K), 2 survivors (2048K)
 Metaspace       used 71928K, committed 72576K, reserved 1114112K
  class space    used 9623K, committed 9920K, reserved 1048576K
GC Heap History (20 events):
Event: 6.160 GC heap before
{Heap before GC invocations=16 (full 0):
 garbage-first heap   total 86016K, used 67371K [0x0000000080000000, 0x0000000100000000)
  region size 1024K, 25 young (25600K), 4 survivors (4096K)
 Metaspace       used 54829K, committed 55360K, reserved 1114112K
  class space    used 7573K, committed 7808K, reserved 1048576K
}
Event: 6.163 GC heap after
{Heap after GC invocations=17 (full 0):
 garbage-first heap   total 86016K, used 48819K [0x0000000080000000, 0x0000000100000000)
  region size 1024K, 3 young (3072K), 3 survivors (3072K)
 Metaspace       used 54829K, committed 55360K, reserved 1114112K
  class space    used 7573K, committed 7808K, reserved 1048576K
}
Event: 6.225 GC heap before
{Heap before GC invocations=17 (full 0):
 garbage-first heap   total 86016K, used 67251K [0x0000000080000000, 0x0000000100000000)
  region size 1024K, 22 young (22528K), 3 survivors (3072K)
 Metaspace       used 55121K, committed 55680K, reserved 1114112K
  class space    used 7595K, committed 7808K, reserved 1048576K
}
Event: 6.228 GC heap after
{Heap after GC invocations=18 (full 0):
 garbage-first heap   total 103424K, used 49789K [0x0000000080000000, 0x0000000100000000)
  region size 1024K, 3 young (3072K), 3 survivors (3072K)
 Metaspace       used 55121K, committed 55680K, reserved 1114112K
  class space    used 7595K, committed 7808K, reserved 1048576K
}
Event: 6.319 GC heap before
{Heap before GC invocations=19 (full 0):
 garbage-first heap   total 103424K, used 80509K [0x0000000080000000, 0x0000000100000000)
  region size 1024K, 34 young (34816K), 3 survivors (3072K)
 Metaspace       used 55291K, committed 55744K, reserved 1114112K
  class space    used 7595K, committed 7808K, reserved 1048576K
}
Event: 6.321 GC heap after
{Heap after GC invocations=20 (full 0):
 garbage-first heap   total 103424K, used 50955K [0x0000000080000000, 0x0000000100000000)
  region size 1024K, 4 young (4096K), 4 survivors (4096K)
 Metaspace       used 55291K, committed 55744K, reserved 1114112K
  class space    used 7595K, committed 7808K, reserved 1048576K
}
Event: 6.324 GC heap before
{Heap before GC invocations=20 (full 0):
 garbage-first heap   total 103424K, used 51979K [0x0000000080000000, 0x0000000100000000)
  region size 1024K, 5 young (5120K), 4 survivors (4096K)
 Metaspace       used 55301K, committed 55808K, reserved 1114112K
  class space    used 7595K, committed 7808K, reserved 1048576K
}
Event: 6.326 GC heap after
{Heap after GC invocations=21 (full 0):
 garbage-first heap   total 103424K, used 50645K [0x0000000080000000, 0x0000000100000000)
  region size 1024K, 1 young (1024K), 1 survivors (1024K)
 Metaspace       used 55301K, committed 55808K, reserved 1114112K
  class space    used 7595K, committed 7808K, reserved 1048576K
}
Event: 6.426 GC heap before
{Heap before GC invocations=21 (full 0):
 garbage-first heap   total 103424K, used 81365K [0x0000000080000000, 0x0000000100000000)
  region size 1024K, 32 young (32768K), 1 survivors (1024K)
 Metaspace       used 55409K, committed 56000K, reserved 1114112K
  class space    used 7608K, committed 7872K, reserved 1048576K
}
Event: 6.429 GC heap after
{Heap after GC invocations=22 (full 0):
 garbage-first heap   total 103424K, used 52755K [0x0000000080000000, 0x0000000100000000)
  region size 1024K, 3 young (3072K), 3 survivors (3072K)
 Metaspace       used 55409K, committed 56000K, reserved 1114112K
  class space    used 7608K, committed 7872K, reserved 1048576K
}
Event: 6.697 GC heap before
{Heap before GC invocations=23 (full 0):
 garbage-first heap   total 103424K, used 89619K [0x0000000080000000, 0x0000000100000000)
  region size 1024K, 33 young (33792K), 3 survivors (3072K)
 Metaspace       used 56830K, committed 57408K, reserved 1114112K
  class space    used 7764K, committed 8000K, reserved 1048576K
}
Event: 6.700 GC heap after
{Heap after GC invocations=24 (full 0):
 garbage-first heap   total 103424K, used 65108K [0x0000000080000000, 0x0000000100000000)
  region size 1024K, 5 young (5120K), 5 survivors (5120K)
 Metaspace       used 56830K, committed 57408K, reserved 1114112K
  class space    used 7764K, committed 8000K, reserved 1048576K
}
Event: 6.714 GC heap before
{Heap before GC invocations=24 (full 0):
 garbage-first heap   total 103424K, used 66132K [0x0000000080000000, 0x0000000100000000)
  region size 1024K, 6 young (6144K), 5 survivors (5120K)
 Metaspace       used 56938K, committed 57472K, reserved 1114112K
  class space    used 7779K, committed 8000K, reserved 1048576K
}
Event: 6.716 GC heap after
{Heap after GC invocations=25 (full 0):
 garbage-first heap   total 103424K, used 64785K [0x0000000080000000, 0x0000000100000000)
  region size 1024K, 1 young (1024K), 1 survivors (1024K)
 Metaspace       used 56938K, committed 57472K, reserved 1114112K
  class space    used 7779K, committed 8000K, reserved 1048576K
}
Event: 6.901 GC heap before
{Heap before GC invocations=25 (full 0):
 garbage-first heap   total 103424K, used 82193K [0x0000000080000000, 0x0000000100000000)
  region size 1024K, 19 young (19456K), 1 survivors (1024K)
 Metaspace       used 58616K, committed 59264K, reserved 1114112K
  class space    used 7979K, committed 8256K, reserved 1048576K
}
Event: 6.904 GC heap after
{Heap after GC invocations=26 (full 0):
 garbage-first heap   total 221184K, used 65434K [0x0000000080000000, 0x0000000100000000)
  region size 1024K, 1 young (1024K), 1 survivors (1024K)
 Metaspace       used 58616K, committed 59264K, reserved 1114112K
  class space    used 7979K, committed 8256K, reserved 1048576K
}
Event: 8.044 GC heap before
{Heap before GC invocations=27 (full 0):
 garbage-first heap   total 221184K, used 181146K [0x0000000080000000, 0x0000000100000000)
  region size 1024K, 109 young (111616K), 1 survivors (1024K)
 Metaspace       used 67540K, committed 68224K, reserved 1114112K
  class space    used 9091K, committed 9408K, reserved 1048576K
}
Event: 8.048 GC heap after
{Heap after GC invocations=28 (full 0):
 garbage-first heap   total 221184K, used 73045K [0x0000000080000000, 0x0000000100000000)
  region size 1024K, 8 young (8192K), 8 survivors (8192K)
 Metaspace       used 67540K, committed 68224K, reserved 1114112K
  class space    used 9091K, committed 9408K, reserved 1048576K
}
Event: 8.067 GC heap before
{Heap before GC invocations=28 (full 0):
 garbage-first heap   total 221184K, used 75093K [0x0000000080000000, 0x0000000100000000)
  region size 1024K, 10 young (10240K), 8 survivors (8192K)
 Metaspace       used 67699K, committed 68352K, reserved 1114112K
  class space    used 9109K, committed 9408K, reserved 1048576K
}
Event: 8.069 GC heap after
{Heap after GC invocations=29 (full 0):
 garbage-first heap   total 221184K, used 73670K [0x0000000080000000, 0x0000000100000000)
  region size 1024K, 2 young (2048K), 2 survivors (2048K)
 Metaspace       used 67699K, committed 68352K, reserved 1114112K
  class space    used 9109K, committed 9408K, reserved 1048576K
}

